c:\users\jakec\source\repos\systems-programing\lab 4 - inheritance\lab 4 - inheritance\lab 4 - inheritance\x64\debug\vc143.pdb
c:\users\jakec\source\repos\systems-programing\lab 4 - inheritance\lab 4 - inheritance\lab 4 - inheritance\x64\debug\vc143.idb
c:\users\jakec\source\repos\systems-programing\lab 4 - inheritance\lab 4 - inheritance\lab 4 - inheritance\x64\debug\savingsaccount.obj
c:\users\jakec\source\repos\systems-programing\lab 4 - inheritance\lab 4 - inheritance\lab 4 - inheritance\x64\debug\lab 4 - inheritance.obj
c:\users\jakec\source\repos\systems-programing\lab 4 - inheritance\lab 4 - inheritance\lab 4 - inheritance\x64\debug\input.obj
c:\users\jakec\source\repos\systems-programing\lab 4 - inheritance\lab 4 - inheritance\lab 4 - inheritance\x64\debug\creditaccount.obj
c:\users\jakec\source\repos\systems-programing\lab 4 - inheritance\lab 4 - inheritance\lab 4 - inheritance\x64\debug\console.obj
c:\users\jakec\source\repos\systems-programing\lab 4 - inheritance\lab 4 - inheritance\lab 4 - inheritance\x64\debug\checkingaccount.obj
c:\users\jakec\source\repos\systems-programing\lab 4 - inheritance\lab 4 - inheritance\lab 4 - inheritance\x64\debug\binaryfile.obj
c:\users\jakec\source\repos\systems-programing\lab 4 - inheritance\lab 4 - inheritance\lab 4 - inheritance\x64\debug\baseaccount.obj
c:\users\jakec\source\repos\systems-programing\lab 4 - inheritance\lab 4 - inheritance\x64\debug\lab 4 - inheritance.exe
c:\users\jakec\source\repos\systems-programing\lab 4 - inheritance\lab 4 - inheritance\x64\debug\lab 4 - inheritance.pdb
c:\users\jakec\source\repos\systems-programing\lab 4 - inheritance\lab 4 - inheritance\lab 4 - inheritance\x64\debug\lab 4 - inheritance.ilk
c:\users\jakec\source\repos\systems-programing\lab 4 - inheritance\lab 4 - inheritance\lab 4 - inheritance\x64\debug\lab 4 - .a0d577e6.tlog\cl.command.1.tlog
c:\users\jakec\source\repos\systems-programing\lab 4 - inheritance\lab 4 - inheritance\lab 4 - inheritance\x64\debug\lab 4 - .a0d577e6.tlog\cl.items.tlog
c:\users\jakec\source\repos\systems-programing\lab 4 - inheritance\lab 4 - inheritance\lab 4 - inheritance\x64\debug\lab 4 - .a0d577e6.tlog\cl.read.1.tlog
c:\users\jakec\source\repos\systems-programing\lab 4 - inheritance\lab 4 - inheritance\lab 4 - inheritance\x64\debug\lab 4 - .a0d577e6.tlog\cl.write.1.tlog
c:\users\jakec\source\repos\systems-programing\lab 4 - inheritance\lab 4 - inheritance\lab 4 - inheritance\x64\debug\lab 4 - .a0d577e6.tlog\link.command.1.tlog
c:\users\jakec\source\repos\systems-programing\lab 4 - inheritance\lab 4 - inheritance\lab 4 - inheritance\x64\debug\lab 4 - .a0d577e6.tlog\link.read.1.tlog
c:\users\jakec\source\repos\systems-programing\lab 4 - inheritance\lab 4 - inheritance\lab 4 - inheritance\x64\debug\lab 4 - .a0d577e6.tlog\link.secondary.1.tlog
c:\users\jakec\source\repos\systems-programing\lab 4 - inheritance\lab 4 - inheritance\lab 4 - inheritance\x64\debug\lab 4 - .a0d577e6.tlog\link.write.1.tlog
